<?xml version="1.0" encoding="UTF-8"?>
<testsuites>
  <testsuite name="fastlane.lanes">
    
    
    
      
      <testcase classname="fastlane.lanes" name="0: cocoapods" time="3.155813">
        
          <failure message="/usr/local/lib/ruby/gems/2.5.0/gems/fastlane-2.116.0/fastlane/lib/fastlane/actions/actions_helper.rb:48:in `execute_action'&#10;/usr/local/lib/ruby/gems/2.5.0/gems/fastlane-2.116.0/fastlane/lib/fastlane/runner.rb:232:in `block in execute_action'&#10;/usr/local/lib/ruby/gems/2.5.0/gems/fastlane-2.116.0/fastlane/lib/fastlane/runner.rb:227:in `chdir'&#10;/usr/local/lib/ruby/gems/2.5.0/gems/fastlane-2.116.0/fastlane/lib/fastlane/runner.rb:227:in `execute_action'&#10;/usr/local/lib/ruby/gems/2.5.0/gems/fastlane-2.116.0/fastlane/lib/fastlane/server/socket_server_action_command_executor.rb:73:in `run'&#10;/usr/local/lib/ruby/gems/2.5.0/gems/fastlane-2.116.0/fastlane/lib/fastlane/server/socket_server_action_command_executor.rb:42:in `execute'&#10;/usr/local/lib/ruby/gems/2.5.0/gems/fastlane-2.116.0/fastlane/lib/fastlane/server/socket_server.rb:181:in `execute_action_command'&#10;/usr/local/lib/ruby/gems/2.5.0/gems/fastlane-2.116.0/fastlane/lib/fastlane/server/socket_server.rb:176:in `process_action_command'&#10;/usr/local/lib/ruby/gems/2.5.0/gems/fastlane-2.116.0/fastlane/lib/fastlane/server/socket_server.rb:123:in `handle_action_command'&#10;/usr/local/lib/ruby/gems/2.5.0/gems/fastlane-2.116.0/fastlane/lib/fastlane/server/socket_server.rb:86:in `parse_and_execute_command'&#10;/usr/local/lib/ruby/gems/2.5.0/gems/fastlane-2.116.0/fastlane/lib/fastlane/server/socket_server.rb:62:in `block in receive_and_process_commands'&#10;/usr/local/lib/ruby/gems/2.5.0/gems/fastlane-2.116.0/fastlane/lib/fastlane/server/socket_server.rb:49:in `loop'&#10;/usr/local/lib/ruby/gems/2.5.0/gems/fastlane-2.116.0/fastlane/lib/fastlane/server/socket_server.rb:49:in `receive_and_process_commands'&#10;/usr/local/lib/ruby/gems/2.5.0/gems/fastlane-2.116.0/fastlane/lib/fastlane/server/socket_server.rb:158:in `listen'&#10;/usr/local/lib/ruby/gems/2.5.0/gems/fastlane-2.116.0/fastlane/lib/fastlane/server/socket_server.rb:38:in `start'&#10;/usr/local/lib/ruby/gems/2.5.0/gems/fastlane-2.116.0/fastlane/lib/fastlane/swift_lane_manager.rb:231:in `block in start_socket_thread'&#10;&#10;bundler: failed to load command: pod (/usr/local/bin/pod)&#10;Gem::Exception: can't find executable pod for gem cocoapods. cocoapods is not currently included in the bundle, perhaps you meant to add it to your Gemfile?&#10;  /usr/local/Cellar/ruby/2.5.1/lib/ruby/2.5.0/bundler/rubygems_integration.rb:458:in `block in replace_bin_path'&#10;  /usr/local/Cellar/ruby/2.5.1/lib/ruby/2.5.0/bundler/rubygems_integration.rb:478:in `block in replace_bin_path'&#10;  /usr/local/bin/pod:23:in `&lt;top (required)&gt;'&#10;" />
        
      </testcase>
    
  </testsuite>
</testsuites>
